<?xml version="1.0" encoding="UTF-8"?>
<testsuite xmlns:xsi="http://www.w3.org/2001/XMLSchema-instance" xsi:noNamespaceSchemaLocation="https://maven.apache.org/surefire/maven-surefire-plugin/xsd/surefire-test-report.xsd" name="TestSuite" time="7.311" tests="17" errors="0" skipped="16" failures="1">
  <properties>
    <property name="gopherProxySet" value="false"/>
    <property name="awt.toolkit" value="sun.lwawt.macosx.LWCToolkit"/>
    <property name="java.specification.version" value="11"/>
    <property name="sun.cpu.isalist" value=""/>
    <property name="sun.jnu.encoding" value="UTF-8"/>
    <property name="java.class.path" value="/Users/harindaekanayake/IdeaProjects/LolcAssignment/target/test-classes:/Users/harindaekanayake/IdeaProjects/LolcAssignment/target/classes:/Users/harindaekanayake/.m2/repository/org/seleniumhq/selenium/selenium-java/3.141.59/selenium-java-3.141.59.jar:/Users/harindaekanayake/.m2/repository/org/seleniumhq/selenium/selenium-api/3.141.59/selenium-api-3.141.59.jar:/Users/harindaekanayake/.m2/repository/org/seleniumhq/selenium/selenium-chrome-driver/3.141.59/selenium-chrome-driver-3.141.59.jar:/Users/harindaekanayake/.m2/repository/org/seleniumhq/selenium/selenium-edge-driver/3.141.59/selenium-edge-driver-3.141.59.jar:/Users/harindaekanayake/.m2/repository/org/seleniumhq/selenium/selenium-firefox-driver/3.141.59/selenium-firefox-driver-3.141.59.jar:/Users/harindaekanayake/.m2/repository/org/seleniumhq/selenium/selenium-ie-driver/3.141.59/selenium-ie-driver-3.141.59.jar:/Users/harindaekanayake/.m2/repository/org/seleniumhq/selenium/selenium-opera-driver/3.141.59/selenium-opera-driver-3.141.59.jar:/Users/harindaekanayake/.m2/repository/org/seleniumhq/selenium/selenium-remote-driver/3.141.59/selenium-remote-driver-3.141.59.jar:/Users/harindaekanayake/.m2/repository/org/seleniumhq/selenium/selenium-safari-driver/3.141.59/selenium-safari-driver-3.141.59.jar:/Users/harindaekanayake/.m2/repository/org/seleniumhq/selenium/selenium-support/3.141.59/selenium-support-3.141.59.jar:/Users/harindaekanayake/.m2/repository/net/bytebuddy/byte-buddy/1.8.15/byte-buddy-1.8.15.jar:/Users/harindaekanayake/.m2/repository/org/apache/commons/commons-exec/1.3/commons-exec-1.3.jar:/Users/harindaekanayake/.m2/repository/com/google/guava/guava/25.0-jre/guava-25.0-jre.jar:/Users/harindaekanayake/.m2/repository/com/google/code/findbugs/jsr305/1.3.9/jsr305-1.3.9.jar:/Users/harindaekanayake/.m2/repository/org/checkerframework/checker-compat-qual/2.0.0/checker-compat-qual-2.0.0.jar:/Users/harindaekanayake/.m2/repository/com/google/errorprone/error_prone_annotations/2.1.3/error_prone_annotations-2.1.3.jar:/Users/harindaekanayake/.m2/repository/com/google/j2objc/j2objc-annotations/1.1/j2objc-annotations-1.1.jar:/Users/harindaekanayake/.m2/repository/org/codehaus/mojo/animal-sniffer-annotations/1.14/animal-sniffer-annotations-1.14.jar:/Users/harindaekanayake/.m2/repository/com/squareup/okhttp3/okhttp/3.11.0/okhttp-3.11.0.jar:/Users/harindaekanayake/.m2/repository/com/squareup/okio/okio/1.14.0/okio-1.14.0.jar:/Users/harindaekanayake/.m2/repository/org/apache/poi/poi-ooxml/4.1.2/poi-ooxml-4.1.2.jar:/Users/harindaekanayake/.m2/repository/org/apache/poi/poi/4.1.2/poi-4.1.2.jar:/Users/harindaekanayake/.m2/repository/commons-codec/commons-codec/1.13/commons-codec-1.13.jar:/Users/harindaekanayake/.m2/repository/org/apache/commons/commons-collections4/4.4/commons-collections4-4.4.jar:/Users/harindaekanayake/.m2/repository/org/apache/commons/commons-math3/3.6.1/commons-math3-3.6.1.jar:/Users/harindaekanayake/.m2/repository/com/zaxxer/SparseBitSet/1.2/SparseBitSet-1.2.jar:/Users/harindaekanayake/.m2/repository/org/apache/poi/poi-ooxml-schemas/4.1.2/poi-ooxml-schemas-4.1.2.jar:/Users/harindaekanayake/.m2/repository/org/apache/xmlbeans/xmlbeans/3.1.0/xmlbeans-3.1.0.jar:/Users/harindaekanayake/.m2/repository/org/apache/commons/commons-compress/1.19/commons-compress-1.19.jar:/Users/harindaekanayake/.m2/repository/com/github/virtuald/curvesapi/1.06/curvesapi-1.06.jar:/Users/harindaekanayake/.m2/repository/org/testng/testng/7.3.0/testng-7.3.0.jar:/Users/harindaekanayake/.m2/repository/com/beust/jcommander/1.78/jcommander-1.78.jar:/Users/harindaekanayake/.m2/repository/org/apache/ant/ant/1.10.3/ant-1.10.3.jar:/Users/harindaekanayake/.m2/repository/org/apache/ant/ant-launcher/1.10.3/ant-launcher-1.10.3.jar:/Users/harindaekanayake/.m2/repository/junit/junit/4.12/junit-4.12.jar:/Users/harindaekanayake/.m2/repository/org/hamcrest/hamcrest-core/1.3/hamcrest-core-1.3.jar:/Users/harindaekanayake/.m2/repository/com/google/inject/guice/4.2.2/guice-4.2.2-no_aop.jar:/Users/harindaekanayake/.m2/repository/javax/inject/javax.inject/1/javax.inject-1.jar:/Users/harindaekanayake/.m2/repository/aopalliance/aopalliance/1.0/aopalliance-1.0.jar:/Users/harindaekanayake/.m2/repository/org/yaml/snakeyaml/1.21/snakeyaml-1.21.jar:/Users/harindaekanayake/.m2/repository/commons-io/commons-io/2.6/commons-io-2.6.jar:/Users/harindaekanayake/.m2/repository/com/aventstack/extentreports/4.0.9/extentreports-4.0.9.jar:/Users/harindaekanayake/.m2/repository/org/freemarker/freemarker/2.3.23/freemarker-2.3.23.jar:/Users/harindaekanayake/.m2/repository/org/mongodb/mongodb-driver/3.3.0/mongodb-driver-3.3.0.jar:/Users/harindaekanayake/.m2/repository/org/mongodb/mongodb-driver-core/3.3.0/mongodb-driver-core-3.3.0.jar:/Users/harindaekanayake/.m2/repository/org/mongodb/bson/3.3.0/bson-3.3.0.jar:/Users/harindaekanayake/.m2/repository/org/apache/httpcomponents/httpclient/4.5.2/httpclient-4.5.2.jar:/Users/harindaekanayake/.m2/repository/org/apache/httpcomponents/httpcore/4.4.4/httpcore-4.4.4.jar:/Users/harindaekanayake/.m2/repository/commons-logging/commons-logging/1.2/commons-logging-1.2.jar:/Users/harindaekanayake/.m2/repository/org/apache/httpcomponents/httpmime/4.5.2/httpmime-4.5.2.jar:/Users/harindaekanayake/.m2/repository/com/google/code/gson/gson/2.8.5/gson-2.8.5.jar:"/>
    <property name="java.vm.vendor" value="Oracle Corporation"/>
    <property name="sun.arch.data.model" value="64"/>
    <property name="java.vendor.url" value="https://openjdk.java.net/"/>
    <property name="user.timezone" value=""/>
    <property name="java.vm.specification.version" value="11"/>
    <property name="os.name" value="Mac OS X"/>
    <property name="sun.java.launcher" value="SUN_STANDARD"/>
    <property name="user.country" value="LK"/>
    <property name="sun.boot.library.path" value="/Library/Java/JavaVirtualMachines/jdk-11.0.7.jdk/Contents/Home/lib"/>
    <property name="sun.java.command" value="/Users/harindaekanayake/IdeaProjects/LolcAssignment/target/surefire/surefirebooter1307594517141022518.jar /Users/harindaekanayake/IdeaProjects/LolcAssignment/target/surefire 2023-11-04T22-21-48_318-jvmRun1 surefire11079713788817141128tmp surefire_02253393046865841524tmp"/>
    <property name="http.nonProxyHosts" value="local|*.local|169.254/16|*.169.254/16"/>
    <property name="jdk.debug" value="release"/>
    <property name="surefire.test.class.path" value="/Users/harindaekanayake/IdeaProjects/LolcAssignment/target/test-classes:/Users/harindaekanayake/IdeaProjects/LolcAssignment/target/classes:/Users/harindaekanayake/.m2/repository/org/seleniumhq/selenium/selenium-java/3.141.59/selenium-java-3.141.59.jar:/Users/harindaekanayake/.m2/repository/org/seleniumhq/selenium/selenium-api/3.141.59/selenium-api-3.141.59.jar:/Users/harindaekanayake/.m2/repository/org/seleniumhq/selenium/selenium-chrome-driver/3.141.59/selenium-chrome-driver-3.141.59.jar:/Users/harindaekanayake/.m2/repository/org/seleniumhq/selenium/selenium-edge-driver/3.141.59/selenium-edge-driver-3.141.59.jar:/Users/harindaekanayake/.m2/repository/org/seleniumhq/selenium/selenium-firefox-driver/3.141.59/selenium-firefox-driver-3.141.59.jar:/Users/harindaekanayake/.m2/repository/org/seleniumhq/selenium/selenium-ie-driver/3.141.59/selenium-ie-driver-3.141.59.jar:/Users/harindaekanayake/.m2/repository/org/seleniumhq/selenium/selenium-opera-driver/3.141.59/selenium-opera-driver-3.141.59.jar:/Users/harindaekanayake/.m2/repository/org/seleniumhq/selenium/selenium-remote-driver/3.141.59/selenium-remote-driver-3.141.59.jar:/Users/harindaekanayake/.m2/repository/org/seleniumhq/selenium/selenium-safari-driver/3.141.59/selenium-safari-driver-3.141.59.jar:/Users/harindaekanayake/.m2/repository/org/seleniumhq/selenium/selenium-support/3.141.59/selenium-support-3.141.59.jar:/Users/harindaekanayake/.m2/repository/net/bytebuddy/byte-buddy/1.8.15/byte-buddy-1.8.15.jar:/Users/harindaekanayake/.m2/repository/org/apache/commons/commons-exec/1.3/commons-exec-1.3.jar:/Users/harindaekanayake/.m2/repository/com/google/guava/guava/25.0-jre/guava-25.0-jre.jar:/Users/harindaekanayake/.m2/repository/com/google/code/findbugs/jsr305/1.3.9/jsr305-1.3.9.jar:/Users/harindaekanayake/.m2/repository/org/checkerframework/checker-compat-qual/2.0.0/checker-compat-qual-2.0.0.jar:/Users/harindaekanayake/.m2/repository/com/google/errorprone/error_prone_annotations/2.1.3/error_prone_annotations-2.1.3.jar:/Users/harindaekanayake/.m2/repository/com/google/j2objc/j2objc-annotations/1.1/j2objc-annotations-1.1.jar:/Users/harindaekanayake/.m2/repository/org/codehaus/mojo/animal-sniffer-annotations/1.14/animal-sniffer-annotations-1.14.jar:/Users/harindaekanayake/.m2/repository/com/squareup/okhttp3/okhttp/3.11.0/okhttp-3.11.0.jar:/Users/harindaekanayake/.m2/repository/com/squareup/okio/okio/1.14.0/okio-1.14.0.jar:/Users/harindaekanayake/.m2/repository/org/apache/poi/poi-ooxml/4.1.2/poi-ooxml-4.1.2.jar:/Users/harindaekanayake/.m2/repository/org/apache/poi/poi/4.1.2/poi-4.1.2.jar:/Users/harindaekanayake/.m2/repository/commons-codec/commons-codec/1.13/commons-codec-1.13.jar:/Users/harindaekanayake/.m2/repository/org/apache/commons/commons-collections4/4.4/commons-collections4-4.4.jar:/Users/harindaekanayake/.m2/repository/org/apache/commons/commons-math3/3.6.1/commons-math3-3.6.1.jar:/Users/harindaekanayake/.m2/repository/com/zaxxer/SparseBitSet/1.2/SparseBitSet-1.2.jar:/Users/harindaekanayake/.m2/repository/org/apache/poi/poi-ooxml-schemas/4.1.2/poi-ooxml-schemas-4.1.2.jar:/Users/harindaekanayake/.m2/repository/org/apache/xmlbeans/xmlbeans/3.1.0/xmlbeans-3.1.0.jar:/Users/harindaekanayake/.m2/repository/org/apache/commons/commons-compress/1.19/commons-compress-1.19.jar:/Users/harindaekanayake/.m2/repository/com/github/virtuald/curvesapi/1.06/curvesapi-1.06.jar:/Users/harindaekanayake/.m2/repository/org/testng/testng/7.3.0/testng-7.3.0.jar:/Users/harindaekanayake/.m2/repository/com/beust/jcommander/1.78/jcommander-1.78.jar:/Users/harindaekanayake/.m2/repository/org/apache/ant/ant/1.10.3/ant-1.10.3.jar:/Users/harindaekanayake/.m2/repository/org/apache/ant/ant-launcher/1.10.3/ant-launcher-1.10.3.jar:/Users/harindaekanayake/.m2/repository/junit/junit/4.12/junit-4.12.jar:/Users/harindaekanayake/.m2/repository/org/hamcrest/hamcrest-core/1.3/hamcrest-core-1.3.jar:/Users/harindaekanayake/.m2/repository/com/google/inject/guice/4.2.2/guice-4.2.2-no_aop.jar:/Users/harindaekanayake/.m2/repository/javax/inject/javax.inject/1/javax.inject-1.jar:/Users/harindaekanayake/.m2/repository/aopalliance/aopalliance/1.0/aopalliance-1.0.jar:/Users/harindaekanayake/.m2/repository/org/yaml/snakeyaml/1.21/snakeyaml-1.21.jar:/Users/harindaekanayake/.m2/repository/commons-io/commons-io/2.6/commons-io-2.6.jar:/Users/harindaekanayake/.m2/repository/com/aventstack/extentreports/4.0.9/extentreports-4.0.9.jar:/Users/harindaekanayake/.m2/repository/org/freemarker/freemarker/2.3.23/freemarker-2.3.23.jar:/Users/harindaekanayake/.m2/repository/org/mongodb/mongodb-driver/3.3.0/mongodb-driver-3.3.0.jar:/Users/harindaekanayake/.m2/repository/org/mongodb/mongodb-driver-core/3.3.0/mongodb-driver-core-3.3.0.jar:/Users/harindaekanayake/.m2/repository/org/mongodb/bson/3.3.0/bson-3.3.0.jar:/Users/harindaekanayake/.m2/repository/org/apache/httpcomponents/httpclient/4.5.2/httpclient-4.5.2.jar:/Users/harindaekanayake/.m2/repository/org/apache/httpcomponents/httpcore/4.4.4/httpcore-4.4.4.jar:/Users/harindaekanayake/.m2/repository/commons-logging/commons-logging/1.2/commons-logging-1.2.jar:/Users/harindaekanayake/.m2/repository/org/apache/httpcomponents/httpmime/4.5.2/httpmime-4.5.2.jar:/Users/harindaekanayake/.m2/repository/com/google/code/gson/gson/2.8.5/gson-2.8.5.jar:"/>
    <property name="sun.cpu.endian" value="little"/>
    <property name="user.home" value="/Users/harindaekanayake"/>
    <property name="user.language" value="en"/>
    <property name="java.specification.vendor" value="Oracle Corporation"/>
    <property name="java.version.date" value="2020-04-14"/>
    <property name="java.home" value="/Library/Java/JavaVirtualMachines/jdk-11.0.7.jdk/Contents/Home"/>
    <property name="file.separator" value="/"/>
    <property name="basedir" value="/Users/harindaekanayake/IdeaProjects/LolcAssignment"/>
    <property name="java.vm.compressedOopsMode" value="Zero based"/>
    <property name="line.separator" value="&#10;"/>
    <property name="java.specification.name" value="Java Platform API Specification"/>
    <property name="java.vm.specification.vendor" value="Oracle Corporation"/>
    <property name="java.awt.graphicsenv" value="sun.awt.CGraphicsEnvironment"/>
    <property name="surefire.real.class.path" value="/Users/harindaekanayake/IdeaProjects/LolcAssignment/target/surefire/surefirebooter1307594517141022518.jar"/>
    <property name="sun.management.compiler" value="HotSpot 64-Bit Tiered Compilers"/>
    <property name="ftp.nonProxyHosts" value="local|*.local|169.254/16|*.169.254/16"/>
    <property name="java.runtime.version" value="11.0.7+8-LTS"/>
    <property name="user.name" value="harindaekanayake"/>
    <property name="path.separator" value=":"/>
    <property name="os.version" value="10.16"/>
    <property name="java.runtime.name" value="Java(TM) SE Runtime Environment"/>
    <property name="file.encoding" value="UTF-8"/>
    <property name="java.vm.name" value="Java HotSpot(TM) 64-Bit Server VM"/>
    <property name="java.vendor.version" value="18.9"/>
    <property name="localRepository" value="/Users/harindaekanayake/.m2/repository"/>
    <property name="java.vendor.url.bug" value="https://bugreport.java.com/bugreport/"/>
    <property name="java.io.tmpdir" value="/var/folders/52/wfpd2ryd4dzfhgyhwfw0hnb40000gn/T/"/>
    <property name="java.version" value="11.0.7"/>
    <property name="user.dir" value="/Users/harindaekanayake/IdeaProjects/LolcAssignment"/>
    <property name="os.arch" value="x86_64"/>
    <property name="java.vm.specification.name" value="Java Virtual Machine Specification"/>
    <property name="java.awt.printerjob" value="sun.lwawt.macosx.CPrinterJob"/>
    <property name="sun.os.patch.level" value="unknown"/>
    <property name="java.library.path" value="/Users/harindaekanayake/Library/Java/Extensions:/Library/Java/Extensions:/Network/Library/Java/Extensions:/System/Library/Java/Extensions:/usr/lib/java:."/>
    <property name="java.vendor" value="Oracle Corporation"/>
    <property name="java.vm.info" value="mixed mode"/>
    <property name="java.vm.version" value="11.0.7+8-LTS"/>
    <property name="sun.io.unicode.encoding" value="UnicodeBig"/>
    <property name="java.class.version" value="55.0"/>
    <property name="socksNonProxyHosts" value="local|*.local|169.254/16|*.169.254/16"/>
  </properties>
  <testcase name="initialLoad" classname="com.lolc.testcases.web.SLLoginTestCase" time="0.51">
    <failure type="java.lang.NullPointerException">java.lang.NullPointerException
	at com.lolc.testcases.web.SLLoginTestCase.initialLoad(SLLoginTestCase.java:17)
</failure>
  </testcase>
  <testcase name="verifyInvalidPassword" classname="com.lolc.testcases.web.SLLoginTestCase" time="0">
    <skipped/>
  </testcase>
  <testcase name="closure" classname="com.lolc.testcases.web.SLLoginTestCase" time="0">
    <skipped/>
  </testcase>
  <testcase name="closure" classname="com.lolc.testcases.web.SLLoginTestCase" time="0">
    <skipped/>
  </testcase>
  <testcase name="closure" classname="com.lolc.testcases.web.SLLoginTestCase" time="0">
    <skipped/>
  </testcase>
  <testcase name="closure" classname="com.lolc.testcases.web.SLLoginTestCase" time="0">
    <skipped/>
  </testcase>
  <testcase name="closure" classname="com.lolc.testcases.web.SLLoginTestCase" time="0">
    <skipped/>
  </testcase>
  <testcase name="createReport" classname="com.lolc.testcases.web.SLLoginTestCase" time="0">
    <skipped/>
  </testcase>
  <testcase name="createReport" classname="com.lolc.testcases.web.SLLoginTestCase" time="0">
    <skipped/>
  </testcase>
  <testcase name="createReport" classname="com.lolc.testcases.web.SLLoginTestCase" time="0">
    <skipped/>
  </testcase>
  <testcase name="createReport" classname="com.lolc.testcases.web.SLLoginTestCase" time="0">
    <skipped/>
  </testcase>
  <testcase name="createReport" classname="com.lolc.testcases.web.SLLoginTestCase" time="0">
    <skipped/>
  </testcase>
  <testcase name="verifyInvalidUsername" classname="com.lolc.testcases.web.SLLoginTestCase" time="0">
    <skipped/>
    <system-err><![CDATA[SSStSatartingtart ChromeDrivrtintge ingCrhromeDrivera 1rting ChromeDriver 119.0.6045.105 (38c72552c5e15ba9b3117c0967a0fd105072d7c6-refs/branch-heads/6045@{#1103}) on port 9503
Only local connections are allowed.
Please see https://chromedriver.chromium.org/security-considerations for suggestions on keeping ChromeDriver safe.
 119.0.6045.105 (38c72552c5e15ba9b3117c0967a0fd105072d7c6-refs/branch-heads/6045@{#1103}) on port 12575
Only local connections are allowed.
Please see https://chromedriver.chromium.org/security-considerations for suggestions on keeping ChromeDriver safe.
 ChromeDriver 119.0.6045.105 (38c72552c5e15ba9b3117c0967a0fd105072d7c6-refs/branch-heads/6045@{#1103}) on port 34996
Only local connections are allowed.
Please see https://chromedriver.chromium.org/security-considerations for suggestions on keeping ChromeDriver safe.
19.0.6045.105 (38c72552c5e15ba9b3117c0967a0fd105072d7c6-refs/branch-heads/6045@{#1103}) on port 23060
Only local connections are allowed.
Please see https://chromedriver.chromium.org/security-considerations for suggestions on keeping ChromeDriver safe.
ChromeDriver was started successfully.
ChromeDriver was started successfully.
ChromeDriver was started successfully.
ChromeDriver was started successfully.
Nov 04, 2023 10:21:53 PM org.openqa.selenium.remote.ProtocolHandshake createSession
INFO: Detected dialect: W3C
Nov 04, 2023 10:21:53 PM org.openqa.selenium.remote.ProtocolHandshake createSession
INFO: Detected dialect: W3C
Nov 04, 2023 10:21:53 PM org.openqa.selenium.remote.ProtocolHandshake createSession
INFO: Detected dialect: W3C
Nov 04, 2023 10:21:53 PM org.openqa.selenium.remote.ProtocolHandshake createSession
INFO: Detected dialect: W3C
]]></system-err>
  </testcase>
  <testcase name="verifyEmptyUsername" classname="com.lolc.testcases.web.SLLoginTestCase" time="0">
    <skipped/>
  </testcase>
  <testcase name="verifySuccessLogin" classname="com.lolc.testcases.web.SLLoginTestCase" time="0">
    <skipped/>
  </testcase>
  <testcase name="verifyEmptyPassword" classname="com.lolc.testcases.web.SLLoginTestCase" time="0">
    <skipped/>
  </testcase>
  <testcase name="tearDown" classname="com.lolc.testcases.web.SLLoginTestCase" time="0">
    <skipped/>
  </testcase>
</testsuite>