<?xml version="1.0" encoding="UTF-8"?>
<!-- Generated by org.testng.reporters.JUnitReportReporter -->
<testsuite hostname="HMBPro6" failures="0" tests="6" name="com.lolc.testcases.web.SLLoginTestCase" time="25.966" errors="1" timestamp="2023-11-04T22:21:56 IST" skipped="5">
  <testcase classname="com.lolc.testcases.web.SLLoginTestCase" name="initialLoad" time="6.592">
    <error type="java.lang.NullPointerException">
      <![CDATA[java.lang.NullPointerException
at java.base/java.util.concurrent.ConcurrentHashMap.putVal(ConcurrentHashMap.java:1011)
at java.base/java.util.concurrent.ConcurrentHashMap.put(ConcurrentHashMap.java:1006)
at java.base/java.util.Properties.put(Properties.java:1326)
at java.base/java.util.Properties.setProperty(Properties.java:226)
at java.base/java.lang.System.setProperty(System.java:896)
at com.lolc.base.TestBase.setupWebdriver(TestBase.java:39)
at com.lolc.testcases.web.SLLoginTestCase.initialLoad(SLLoginTestCase.java:17)
at java.base/jdk.internal.reflect.NativeMethodAccessorImpl.invoke0(Native Method)
at java.base/jdk.internal.reflect.NativeMethodAccessorImpl.invoke(NativeMethodAccessorImpl.java:62)
at java.base/jdk.internal.reflect.DelegatingMethodAccessorImpl.invoke(DelegatingMethodAccessorImpl.java:43)
at java.base/java.lang.reflect.Method.invoke(Method.java:566)
at org.testng.internal.MethodInvocationHelper.invokeMethod(MethodInvocationHelper.java:132)
at org.testng.internal.MethodInvocationHelper.invokeMethodConsideringTimeout(MethodInvocationHelper.java:61)
at org.testng.internal.ConfigInvoker.invokeConfigurationMethod(ConfigInvoker.java:366)
at org.testng.internal.ConfigInvoker.invokeConfigurations(ConfigInvoker.java:320)
at org.testng.internal.TestInvoker.runConfigMethods(TestInvoker.java:701)
at org.testng.internal.TestInvoker.invokeMethod(TestInvoker.java:527)
at org.testng.internal.TestInvoker.invokeTestMethod(TestInvoker.java:174)
at org.testng.internal.MethodRunner.runInSequence(MethodRunner.java:46)
at org.testng.internal.TestInvoker$MethodInvocationAgent.invoke(TestInvoker.java:822)
at org.testng.internal.TestInvoker.invokeTestMethods(TestInvoker.java:147)
at org.testng.internal.TestMethodWorker.invokeTestMethods(TestMethodWorker.java:146)
at org.testng.internal.TestMethodWorker.run(TestMethodWorker.java:128)
at java.base/java.util.concurrent.ThreadPoolExecutor.runWorker(ThreadPoolExecutor.java:1128)
at java.base/java.util.concurrent.ThreadPoolExecutor$Worker.run(ThreadPoolExecutor.java:628)
at java.base/java.lang.Thread.run(Thread.java:834)
]]>
    </error>
  </testcase> <!-- initialLoad -->
  <system-out/>
  <testcase classname="com.lolc.testcases.web.SLLoginTestCase" name="verifySuccessLogin" time="6.309">
    <skipped/>
  </testcase> <!-- verifySuccessLogin -->
  <system-out/>
  <testcase classname="com.lolc.testcases.web.SLLoginTestCase" name="verifyInvalidUsername" time="6.646">
    <skipped/>
  </testcase> <!-- verifyInvalidUsername -->
  <system-out/>
  <testcase classname="com.lolc.testcases.web.SLLoginTestCase" name="verifyInvalidPassword" time="6.419">
    <skipped/>
  </testcase> <!-- verifyInvalidPassword -->
  <system-out/>
  <testcase classname="com.lolc.testcases.web.SLLoginTestCase" name="verifyEmptyUsername" time="0.000">
    <skipped/>
  </testcase> <!-- verifyEmptyUsername -->
  <system-out/>
  <testcase classname="com.lolc.testcases.web.SLLoginTestCase" name="verifyEmptyPassword" time="0.000">
    <skipped/>
  </testcase> <!-- verifyEmptyPassword -->
  <system-out/>
</testsuite> <!-- com.lolc.testcases.web.SLLoginTestCase -->
